<?xml version="1.0" encoding="utf-8"?><testsuites name="pytest tests"><testsuite name="pytest" errors="0" failures="1" skipped="0" tests="21" time="5.766" timestamp="2026-03-09T08:08:23.121335+00:00" hostname="agent-env-290006d8-818b-4113-a59f-446479f62879"><testcase classname="tests.test_audit_and_exchange.TestHealthCheck" name="test_health_endpoint" time="0.271" /><testcase classname="tests.test_audit_and_exchange.TestHealthCheck" name="test_root_endpoint" time="0.102" /><testcase classname="tests.test_audit_and_exchange.TestAuditAPI" name="test_create_audit_session" time="0.141" /><testcase classname="tests.test_audit_and_exchange.TestAuditAPI" name="test_create_audit_session_sell_mode" time="0.118" /><testcase classname="tests.test_audit_and_exchange.TestAuditAPI" name="test_log_audit_event" time="0.208" /><testcase classname="tests.test_audit_and_exchange.TestAuditAPI" name="test_log_multiple_events" time="0.416" /><testcase classname="tests.test_audit_and_exchange.TestAuditAPI" name="test_log_event_invalid_type" time="0.232" /><testcase classname="tests.test_audit_and_exchange.TestAuditAPI" name="test_get_timeline" time="0.521" /><testcase classname="tests.test_audit_and_exchange.TestAuditAPI" name="test_get_timeline_not_found" time="0.115" /><testcase classname="tests.test_audit_and_exchange.TestAuditAPI" name="test_export_session_report" time="0.309" /><testcase classname="tests.test_audit_and_exchange.TestAuditAPI" name="test_export_not_found" time="0.111" /><testcase classname="tests.test_audit_and_exchange.TestAuditAPI" name="test_get_event_types" time="0.101" /><testcase classname="tests.test_audit_and_exchange.TestAuditAPI" name="test_close_session" time="0.205" /><testcase classname="tests.test_audit_and_exchange.TestAuditAPI" name="test_get_session" time="0.201" /><testcase classname="tests.test_audit_and_exchange.TestExchangeAPI" name="test_exchange_status" time="0.099"><failure message="AssertionError: Response missing connectors&#10;assert 'connectors' in {'enabled': False, 'fallback_venue': 'kraken', 'primary_venue': 'binance', 'shadow_mode': True, ...}">tests/test_audit_and_exchange.py:304: in test_exchange_status
    assert "connectors" in data, "Response missing connectors"
E   AssertionError: Response missing connectors
E   assert 'connectors' in {'enabled': False, 'fallback_venue': 'kraken', 'primary_venue': 'binance', 'shadow_mode': True, ...}</failure></testcase><testcase classname="tests.test_audit_and_exchange.TestExchangeAPI" name="test_exchange_balances" time="0.227" /><testcase classname="tests.test_audit_and_exchange.TestAuthAPI" name="test_register_user" time="0.566" /><testcase classname="tests.test_audit_and_exchange.TestAuthAPI" name="test_register_duplicate_email" time="0.651" /><testcase classname="tests.test_audit_and_exchange.TestAuthAPI" name="test_login_user" time="0.883" /><testcase classname="tests.test_audit_and_exchange.TestAuthAPI" name="test_login_invalid_credentials" time="0.097" /><testcase classname="tests.test_audit_and_exchange.TestTransakAPI" name="test_transak_config" time="0.099" /></testsuite></testsuites>